<?xml version="1.0" encoding="UTF-8"?>
<!-- Generated by org.testng.reporters.JUnitXMLReporter -->
<testsuite ignored="0" hostname="CHE6RW2C63" failures="2" tests="4" name="SearchProduct" time="45.839" errors="0" timestamp="2021-04-15T15:09:45 IST">
  <testcase classname="amazonTest.SearchProduct" name="a_pageload" time="8.336"/>
  <testcase classname="amazonTest.SearchProduct" name="b_searchproduct" time="18.741"/>
  <testcase classname="amazonTest.SearchProduct" name="c_addAddress" time="2.367">
    <failure type="java.lang.AssertionError" message="Address already Exists expected [true] but found [false]">
      <![CDATA[java.lang.AssertionError: Address already Exists expected [true] but found [false]
at amazonTest.AddAddress.assertExistingAdd(AddAddress.java:73)
at amazonTest.SearchProduct.c_addAddress(SearchProduct.java:111)
at java.base/java.util.ArrayList.forEach(ArrayList.java:1511)
... Removed 32 stack frames]]>
    </failure>
  </testcase> <!-- c_addAddress -->
  <testcase classname="amazonTest.SearchProduct" name="c_addAddress" time="1.919">
    <failure type="java.lang.AssertionError" message="Address already Exists expected [true] but found [false]">
      <![CDATA[java.lang.AssertionError: Address already Exists expected [true] but found [false]
at amazonTest.AddAddress.assertExistingAdd(AddAddress.java:73)
at amazonTest.SearchProduct.c_addAddress(SearchProduct.java:111)
at java.base/java.util.ArrayList.forEach(ArrayList.java:1511)
... Removed 32 stack frames]]>
    </failure>
  </testcase> <!-- c_addAddress -->
</testsuite> <!-- SearchProduct -->
