<?xml version="1.0" encoding="UTF-8"?>
<testng-results ignored="0" total="4" passed="4" failed="0" skipped="0">
  <reporter-output>
  </reporter-output>
  <suite started-at="2021-04-13T16:42:52 IST" name="Default suite" finished-at="2021-04-13T16:42:54 IST" duration-ms="1386">
    <groups>
    </groups>
    <test started-at="2021-04-13T16:42:52 IST" name="Default test" finished-at="2021-04-13T16:42:54 IST" duration-ms="1386">
      <class name="seleniumPractice.Excelutils">
        <test-method signature="a_loginTest(java.util.HashMap)[pri:0, instance:seleniumPractice.Excelutils@34f7cfd9]" started-at="2021-04-13T16:42:54 IST" name="a_loginTest" data-provider="getlogindata" finished-at="2021-04-13T16:42:54 IST" duration-ms="15" status="PASS">
          <params>
            <param index="0">
              <value>
                <![CDATA[{password=secret_sauce, username=performance_glitch_user}]]>
              </value>
            </param>
          </params>
          <reporter-output>
          </reporter-output>
        </test-method> <!-- a_loginTest -->
        <test-method signature="a_loginTest(java.util.HashMap)[pri:0, instance:seleniumPractice.Excelutils@34f7cfd9]" started-at="2021-04-13T16:42:54 IST" name="a_loginTest" data-provider="getlogindata" finished-at="2021-04-13T16:42:54 IST" duration-ms="6" status="PASS">
          <params>
            <param index="0">
              <value>
                <![CDATA[{password=secret_sauce, username=performance_glitch_user}]]>
              </value>
            </param>
          </params>
          <reporter-output>
          </reporter-output>
        </test-method> <!-- a_loginTest -->
        <test-method signature="a_loginTest(java.util.HashMap)[pri:0, instance:seleniumPractice.Excelutils@34f7cfd9]" started-at="2021-04-13T16:42:54 IST" name="a_loginTest" data-provider="getlogindata" finished-at="2021-04-13T16:42:54 IST" duration-ms="2" status="PASS">
          <params>
            <param index="0">
              <value>
                <![CDATA[{password=secret_sauce, username=performance_glitch_user}]]>
              </value>
            </param>
          </params>
          <reporter-output>
          </reporter-output>
        </test-method> <!-- a_loginTest -->
        <test-method signature="a_loginTest(java.util.HashMap)[pri:0, instance:seleniumPractice.Excelutils@34f7cfd9]" started-at="2021-04-13T16:42:54 IST" name="a_loginTest" data-provider="getlogindata" finished-at="2021-04-13T16:42:54 IST" duration-ms="8" status="PASS">
          <params>
            <param index="0">
              <value>
                <![CDATA[{password=secret_sauce, username=performance_glitch_user}]]>
              </value>
            </param>
          </params>
          <reporter-output>
          </reporter-output>
        </test-method> <!-- a_loginTest -->
      </class> <!-- seleniumPractice.Excelutils -->
    </test> <!-- Default test -->
  </suite> <!-- Default suite -->
</testng-results>
