<?xml version="1.0" encoding="UTF-8"?>
<testng-results skipped="0" failed="0" ignored="0" total="1" passed="1">
  <reporter-output>
  </reporter-output>
  <suite name="Default suite" duration-ms="13992" started-at="2020-10-20T02:25:57Z" finished-at="2020-10-20T02:26:11Z">
    <groups>
    </groups>
    <test name="Default test" duration-ms="13992" started-at="2020-10-20T02:25:57Z" finished-at="2020-10-20T02:26:11Z">
      <class name="testNGFramework.TakingScreenshots">
        <test-method status="PASS" signature="beforeMethod()[pri:0, instance:testNGFramework.TakingScreenshots@4b9e13df]" name="beforeMethod" is-config="true" duration-ms="9932" started-at="2020-10-20T02:25:57Z" finished-at="2020-10-20T02:26:07Z">
          <reporter-output>
          </reporter-output>
        </test-method> <!-- beforeMethod -->
        <test-method status="PASS" signature="a_login()[pri:0, instance:testNGFramework.TakingScreenshots@4b9e13df]" name="a_login" duration-ms="4020" started-at="2020-10-20T02:26:07Z" finished-at="2020-10-20T02:26:11Z">
          <reporter-output>
          </reporter-output>
        </test-method> <!-- a_login -->
      </class> <!-- testNGFramework.TakingScreenshots -->
    </test> <!-- Default test -->
  </suite> <!-- Default suite -->
</testng-results>
