<?xml version="1.0" encoding="UTF-8"?>
<testng-results ignored="0" total="1" passed="1" failed="0" skipped="0">
  <reporter-output>
  </reporter-output>
  <suite started-at="2021-04-06T11:01:43 IST" name="Suite" finished-at="2021-04-06T11:01:44 IST" duration-ms="61">
    <groups>
    </groups>
    <test started-at="2021-04-06T11:01:43 IST" name="Test" finished-at="2021-04-06T11:01:44 IST" duration-ms="61">
      <class name="testNGFramework.Annotationexperiments">
        <test-method is-config="true" signature="beforeSuite()[pri:0, instance:testNGFramework.Annotationexperiments@f2ff811]" started-at="2021-04-06T11:01:43 IST" name="beforeSuite" finished-at="2021-04-06T11:01:43 IST" duration-ms="11" status="PASS">
          <reporter-output>
          </reporter-output>
        </test-method> <!-- beforeSuite -->
        <test-method is-config="true" signature="beforeTest()[pri:0, instance:testNGFramework.Annotationexperiments@f2ff811]" started-at="2021-04-06T11:01:43 IST" name="beforeTest" finished-at="2021-04-06T11:01:43 IST" duration-ms="0" status="PASS">
          <reporter-output>
          </reporter-output>
        </test-method> <!-- beforeTest -->
        <test-method is-config="true" signature="beforeClass()[pri:0, instance:testNGFramework.Annotationexperiments@f2ff811]" started-at="2021-04-06T11:01:43 IST" name="beforeClass" finished-at="2021-04-06T11:01:43 IST" duration-ms="0" status="PASS">
          <reporter-output>
          </reporter-output>
        </test-method> <!-- beforeClass -->
        <test-method is-config="true" signature="beforeMethod()[pri:0, instance:testNGFramework.Annotationexperiments@f2ff811]" started-at="2021-04-06T11:01:43 IST" name="beforeMethod" finished-at="2021-04-06T11:01:43 IST" duration-ms="0" status="PASS">
          <reporter-output>
          </reporter-output>
        </test-method> <!-- beforeMethod -->
        <test-method signature="f()[pri:0, instance:testNGFramework.Annotationexperiments@f2ff811]" started-at="2021-04-06T11:01:43 IST" name="f" finished-at="2021-04-06T11:01:43 IST" duration-ms="10" status="PASS">
          <reporter-output>
          </reporter-output>
        </test-method> <!-- f -->
        <test-method is-config="true" signature="afterMethod()[pri:0, instance:testNGFramework.Annotationexperiments@f2ff811]" started-at="2021-04-06T11:01:43 IST" name="afterMethod" finished-at="2021-04-06T11:01:43 IST" duration-ms="1" status="PASS">
          <reporter-output>
          </reporter-output>
        </test-method> <!-- afterMethod -->
        <test-method is-config="true" signature="afterClass()[pri:0, instance:testNGFramework.Annotationexperiments@f2ff811]" started-at="2021-04-06T11:01:43 IST" name="afterClass" finished-at="2021-04-06T11:01:43 IST" duration-ms="0" status="PASS">
          <reporter-output>
          </reporter-output>
        </test-method> <!-- afterClass -->
        <test-method is-config="true" signature="afterTest()[pri:0, instance:testNGFramework.Annotationexperiments@f2ff811]" started-at="2021-04-06T11:01:44 IST" name="afterTest" finished-at="2021-04-06T11:01:44 IST" duration-ms="0" status="PASS">
          <reporter-output>
          </reporter-output>
        </test-method> <!-- afterTest -->
        <test-method is-config="true" signature="afterSuite()[pri:0, instance:testNGFramework.Annotationexperiments@f2ff811]" started-at="2021-04-06T11:01:44 IST" name="afterSuite" finished-at="2021-04-06T11:01:44 IST" duration-ms="1" status="PASS">
          <reporter-output>
          </reporter-output>
        </test-method> <!-- afterSuite -->
      </class> <!-- testNGFramework.Annotationexperiments -->
    </test> <!-- Test -->
  </suite> <!-- Suite -->
</testng-results>
