<?xml version="1.0" encoding="UTF-8"?>
<!-- Generated by org.testng.reporters.JUnitXMLReporter -->
<testsuite hostname="DESKTOP-KD03D20" ignored="0" name="DemoBlazeSignupLogin" tests="4" failures="2" timestamp="18 Oct 2020 16:45:06 GMT" time="7.924" errors="0">
  <testcase name="a_signUp" time="5.471" classname="testNGFramework.DemoBlazeSignupLogin"/>
  <testcase name="b_login" time="2.406" classname="testNGFramework.DemoBlazeSignupLogin"/>
  <testcase name="a_placeOrder" time="0.001" classname="testNGFramework.DemoBlazeplaceOrder">
    <failure type="java.lang.NullPointerException">
      <![CDATA[java.lang.NullPointerException
at testNGFramework.DemoBlazeplaceOrder.a_placeOrder(DemoBlazeplaceOrder.java:16)
... Removed 25 stack frames]]>
    </failure>
  </testcase> <!-- a_placeOrder -->
  <testcase name="b_checkOut" time="0.004" classname="testNGFramework.DemoBlazeplaceOrder">
    <failure type="java.lang.NullPointerException">
      <![CDATA[java.lang.NullPointerException
at testNGFramework.DemoBlazeplaceOrder.b_checkOut(DemoBlazeplaceOrder.java:31)
... Removed 25 stack frames]]>
    </failure>
  </testcase> <!-- b_checkOut -->
</testsuite> <!-- DemoBlazeSignupLogin -->
