<?xml version="1.0" encoding="UTF-8"?>
<!-- Generated by org.testng.reporters.JUnitXMLReporter -->
<testsuite hostname="DESKTOP-KD03D20" ignored="2" name="GroupingConcepts" tests="3" failures="0" timestamp="16 Oct 2020 02:52:08 GMT" time="0.068" errors="0">
  <testcase name="f1" time="0.015" classname="testNGFramework.Groupingconcept"/>
  <testcase name="f2" time="0.002" classname="testNGFramework.Groupingconcept"/>
  <testcase name="f3" time="0.002" classname="testNGFramework.Groupingconcept"/>
  <testcase name="f4" time="0.0" classname="testNGFramework.Groupingconcept">
    <ignored/>
  </testcase> <!-- f4 -->
  <testcase name="f5" time="0.0" classname="testNGFramework.Groupingconcept">
    <ignored/>
  </testcase> <!-- f5 -->
</testsuite> <!-- GroupingConcepts -->
