<?xml version="1.0" encoding="UTF-8"?>
<!-- Generated by org.testng.reporters.JUnitXMLReporter -->
<testsuite hostname="DESKTOP-KD03D20" ignored="0" name="JPetStore_Registration_login_Logout" tests="4" failures="0" timestamp="16 Oct 2020 02:41:38 GMT" time="29.255" errors="0">
  <testcase name="pageload" time="12.066" classname="testNGFramework.JpetstorepracticetestNG"/>
  <testcase name="regform" time="7.921" classname="testNGFramework.JpetstorepracticetestNG"/>
  <testcase name="signin" time="8.532" classname="testNGFramework.JpetstorepracticetestNG"/>
  <testcase name="signout" time="0.713" classname="testNGFramework.JpetstorepracticetestNG"/>
</testsuite> <!-- JPetStore_Registration_login_Logout -->
