<?xml version="1.0" encoding="UTF-8"?>
<!-- Generated by org.testng.reporters.JUnitXMLReporter -->
<testsuite hostname="DESKTOP-KD03D20" ignored="0" name="YourLogo_Registration_login_Logout" tests="6" failures="0" timestamp="16 Oct 2020 02:41:09 GMT" time="67.728" errors="0">
  <testcase name="pageload" time="13.634" classname="testNGFramework.YourLogoForTestNG"/>
  <testcase name="initialregistration" time="10.037" classname="testNGFramework.YourLogoForTestNG"/>
  <testcase name="personalinfo" time="32.382" classname="testNGFramework.YourLogoForTestNG"/>
  <testcase name="addressinfo" time="4.986" classname="testNGFramework.YourLogoForTestNG"/>
  <testcase name="signout" time="2.561" classname="testNGFramework.YourLogoForTestNG"/>
  <testcase name="signin" time="4.067" classname="testNGFramework.YourLogoForTestNG"/>
</testsuite> <!-- YourLogo_Registration_login_Logout -->
