<?xml version="1.0" encoding="UTF-8"?>
<!-- Generated by org.testng.reporters.JUnitXMLReporter -->
<testsuite ignored="0" hostname="Sony" failures="0" tests="4" name="Default test" time="1.386" errors="0" timestamp="2021-04-13T16:42:54 IST">
  <testcase classname="seleniumPractice.Excelutils" name="a_loginTest" time="0.015"/>
  <testcase classname="seleniumPractice.Excelutils" name="a_loginTest" time="0.006"/>
  <testcase classname="seleniumPractice.Excelutils" name="a_loginTest" time="0.002"/>
  <testcase classname="seleniumPractice.Excelutils" name="a_loginTest" time="0.008"/>
</testsuite> <!-- Default test -->
