<?xml version="1.0" encoding="UTF-8"?>
<testng-results skipped="0" failed="0" ignored="0" total="2" passed="2">
  <reporter-output>
  </reporter-output>
  <suite name="Default suite" duration-ms="21245" started-at="2020-10-27T02:45:07Z" finished-at="2020-10-27T02:45:28Z">
    <groups>
    </groups>
    <test name="Default test" duration-ms="21245" started-at="2020-10-27T02:45:07Z" finished-at="2020-10-27T02:45:28Z">
      <class name="scripts.YourLogoScript">
        <test-method status="PASS" signature="a_pageload()[pri:0, instance:scripts.YourLogoScript@20e2cbe0]" name="a_pageload" duration-ms="13178" started-at="2020-10-27T02:45:07Z" finished-at="2020-10-27T02:45:20Z">
          <reporter-output>
          </reporter-output>
        </test-method> <!-- a_pageload -->
        <test-method status="PASS" signature="b_signInsignOut()[pri:0, instance:scripts.YourLogoScript@20e2cbe0]" name="b_signInsignOut" duration-ms="8017" started-at="2020-10-27T02:45:20Z" finished-at="2020-10-27T02:45:28Z">
          <reporter-output>
          </reporter-output>
        </test-method> <!-- b_signInsignOut -->
      </class> <!-- scripts.YourLogoScript -->
    </test> <!-- Default test -->
  </suite> <!-- Default suite -->
</testng-results>
