<?xml version="1.0" encoding="UTF-8"?>
<testng-results skipped="0" failed="0" ignored="0" total="1" passed="1">
  <reporter-output>
  </reporter-output>
  <suite name="Default suite" duration-ms="17752" started-at="2020-10-27T02:05:39Z" finished-at="2020-10-27T02:05:56Z">
    <groups>
    </groups>
    <test name="Default test" duration-ms="17752" started-at="2020-10-27T02:05:39Z" finished-at="2020-10-27T02:05:56Z">
      <class name="automationFramework.GoogleExample">
        <test-method status="PASS" signature="a_pageload()[pri:0, instance:automationFramework.GoogleExample@cb5822]" name="a_pageload" duration-ms="17696" started-at="2020-10-27T02:05:39Z" finished-at="2020-10-27T02:05:56Z">
          <reporter-output>
          </reporter-output>
        </test-method> <!-- a_pageload -->
      </class> <!-- automationFramework.GoogleExample -->
    </test> <!-- Default test -->
  </suite> <!-- Default suite -->
</testng-results>
